<?xml version="1.0" encoding="UTF-8"?>
<!-- Generated by org.testng.reporters.JUnitXMLReporter -->
<testsuite hostname="D-184000435" name="Default test" tests="5" failures="0" timestamp="21 Feb 2018 08:48:28 GMT" time="120.728" errors="0">
  <testcase name="ExcelPrinting" time="5.922" classname="com.wipro.opencart.TC01Opencart"/>
  <testcase name="SamsungTab" time="4.524" classname="com.wipro.opencart.TC01Opencart"/>
  <testcase name="ReviewPrinting" time="17.061" classname="com.wipro.opencart.TC01Opencart"/>
  <testcase name="ReviewPrinting" time="18.186" classname="com.wipro.opencart.TC01Opencart"/>
  <testcase name="AddToCart" time="19.744" classname="com.wipro.opencart.TC01Opencart"/>
</testsuite> <!-- Default test -->
