<?xml version="1.0" encoding="UTF-8"?>
<!-- Generated by org.testng.reporters.JUnitXMLReporter -->
<testsuite hostname="D-184000435" name="Test1" tests="9" failures="0" timestamp="19 Feb 2018 07:47:55 GMT" time="88.18" errors="0">
  <testcase name="@BeforeClass launchBrowser" time="0.0" classname="com.wipro.opencart.TC01Opencart">
    <failure type="java.lang.NullPointerException">
      <![CDATA[java.lang.NullPointerException
	at com.wipro.opencart.TC01Opencart.launchBrowser(TC01Opencart.java:69)
	at java.util.concurrent.ThreadPoolExecutor.runWorker(ThreadPoolExecutor.java:1142)
	at java.util.concurrent.ThreadPoolExecutor$Worker.run(ThreadPoolExecutor.java:617)
	at java.lang.Thread.run(Thread.java:745)
... Removed 10 stack frames]]>
    </failure>
  </testcase> <!-- @BeforeClass launchBrowser -->
  <testcase name="@BeforeClass login" time="0.0" classname="com.wipro.opencart.TC03Opencart">
    <failure type="java.lang.NullPointerException">
      <![CDATA[java.lang.NullPointerException
	at com.wipro.opencart.TC03Opencart.login(TC03Opencart.java:75)
	at java.util.concurrent.ThreadPoolExecutor.runWorker(ThreadPoolExecutor.java:1142)
	at java.util.concurrent.ThreadPoolExecutor$Worker.run(ThreadPoolExecutor.java:617)
	at java.lang.Thread.run(Thread.java:745)
... Removed 10 stack frames]]>
    </failure>
  </testcase> <!-- @BeforeClass login -->
  <testcase name="@BeforeClass login" time="0.0" classname="com.wipro.opencart.TC04Opencart">
    <failure type="java.lang.NullPointerException">
      <![CDATA[java.lang.NullPointerException
	at com.wipro.opencart.TC04Opencart.login(TC04Opencart.java:74)
	at java.util.concurrent.ThreadPoolExecutor.runWorker(ThreadPoolExecutor.java:1142)
	at java.util.concurrent.ThreadPoolExecutor$Worker.run(ThreadPoolExecutor.java:617)
	at java.lang.Thread.run(Thread.java:745)
... Removed 10 stack frames]]>
    </failure>
  </testcase> <!-- @BeforeClass login -->
  <testcase name="@AfterMethod getResult" time="0.0" classname="com.wipro.opencart.TC03Opencart">
    <skipped/>
  </testcase> <!-- @AfterMethod getResult -->
  <testcase name="@AfterClass Logout" time="0.0" classname="com.wipro.opencart.TC03Opencart">
    <skipped/>
  </testcase> <!-- @AfterClass Logout -->
  <testcase name="@AfterClass endReport" time="0.0" classname="com.wipro.opencart.TC03Opencart">
    <skipped/>
  </testcase> <!-- @AfterClass endReport -->
  <testcase name="@AfterMethod getResult" time="0.0" classname="com.wipro.opencart.TC04Opencart">
    <skipped/>
  </testcase> <!-- @AfterMethod getResult -->
  <testcase name="@AfterClass Logout1" time="0.0" classname="com.wipro.opencart.TC04Opencart">
    <skipped/>
  </testcase> <!-- @AfterClass Logout1 -->
  <testcase name="@AfterClass endReport" time="0.0" classname="com.wipro.opencart.TC04Opencart">
    <skipped/>
  </testcase> <!-- @AfterClass endReport -->
  <testcase name="@AfterMethod getResult" time="0.0" classname="com.wipro.opencart.TC01Opencart">
    <skipped/>
  </testcase> <!-- @AfterMethod getResult -->
  <testcase name="@AfterMethod getResult" time="0.0" classname="com.wipro.opencart.TC01Opencart">
    <skipped/>
  </testcase> <!-- @AfterMethod getResult -->
  <testcase name="@AfterMethod getResult" time="0.0" classname="com.wipro.opencart.TC01Opencart">
    <skipped/>
  </testcase> <!-- @AfterMethod getResult -->
  <testcase name="@AfterMethod getResult" time="0.0" classname="com.wipro.opencart.TC01Opencart">
    <skipped/>
  </testcase> <!-- @AfterMethod getResult -->
  <testcase name="@AfterMethod getResult" time="0.0" classname="com.wipro.opencart.TC01Opencart">
    <skipped/>
  </testcase> <!-- @AfterMethod getResult -->
  <testcase name="@AfterClass Logout" time="0.0" classname="com.wipro.opencart.TC01Opencart">
    <skipped/>
  </testcase> <!-- @AfterClass Logout -->
  <testcase name="@AfterClass endReport" time="0.0" classname="com.wipro.opencart.TC01Opencart">
    <skipped/>
  </testcase> <!-- @AfterClass endReport -->
  <testcase name="@AfterMethod getResult" time="0.0" classname="com.wipro.opencart.TC02Opencart">
    <skipped/>
  </testcase> <!-- @AfterMethod getResult -->
  <testcase name="@AfterMethod getResult" time="0.0" classname="com.wipro.opencart.TC02Opencart">
    <skipped/>
  </testcase> <!-- @AfterMethod getResult -->
  <testcase name="@AfterClass Logout" time="0.0" classname="com.wipro.opencart.TC02Opencart">
    <skipped/>
  </testcase> <!-- @AfterClass Logout -->
  <testcase name="@AfterClass endReport" time="0.0" classname="com.wipro.opencart.TC02Opencart">
    <skipped/>
  </testcase> <!-- @AfterClass endReport -->
  <testcase name="AddPhones" time="0.002" classname="com.wipro.opencart.TC03Opencart">
    <skipped/>
  </testcase> <!-- AddPhones -->
  <testcase name="Featured" time="0.006" classname="com.wipro.opencart.TC04Opencart">
    <skipped/>
  </testcase> <!-- Featured -->
  <testcase name="ExcelPrinting" time="0.002" classname="com.wipro.opencart.TC01Opencart">
    <skipped/>
  </testcase> <!-- ExcelPrinting -->
  <testcase name="SamsungTab" time="0.001" classname="com.wipro.opencart.TC01Opencart">
    <skipped/>
  </testcase> <!-- SamsungTab -->
  <testcase name="ReviewPrinting" time="0.001" classname="com.wipro.opencart.TC01Opencart">
    <skipped/>
  </testcase> <!-- ReviewPrinting -->
  <testcase name="ReviewPrinting" time="0.001" classname="com.wipro.opencart.TC01Opencart">
    <skipped/>
  </testcase> <!-- ReviewPrinting -->
  <testcase name="AddToCart" time="0.001" classname="com.wipro.opencart.TC01Opencart">
    <skipped/>
  </testcase> <!-- AddToCart -->
  <testcase name="Search" time="0.001" classname="com.wipro.opencart.TC02Opencart">
    <skipped/>
  </testcase> <!-- Search -->
  <testcase name="ProductComparision" time="0.001" classname="com.wipro.opencart.TC02Opencart">
    <skipped/>
  </testcase> <!-- ProductComparision -->
</testsuite> <!-- Test1 -->
