<?xml version="1.0" encoding="UTF-8"?>
<!-- Generated by org.testng.reporters.JUnitXMLReporter -->
<testsuite hostname="D-184000435" name="Test" tests="9" failures="1" timestamp="14 Feb 2018 10:53:46 GMT" time="473.301" errors="0">
  <testcase name="AddPhones" time="23.166" classname="com.wipro.opencart.TC03Opencart">
    <failure type="org.openqa.selenium.WebDriverException" message="unknown error: Element &amp;lt;input type=&amp;quot;button&amp;quot; value=&amp;quot;Add to Cart&amp;quot; id=&amp;quot;button-cart&amp;quot; class=&amp;quot;button&amp;quot;&amp;gt; is not clickable at point (774, 340). Other element would receive the click: &amp;lt;div class=&amp;quot;right&amp;quot;&amp;gt;...&amp;lt;/div&amp;gt;
  (Session info: chrome=64.0.3282.167)
  (Driver info: chromedriver=2.33.506120 (e3e53437346286c0bc2d2dc9aa4915ba81d9023f),platform=Windows NT 10.0.14393 x86_64) (WARNING: The server did not provide any stacktrace information)
Command duration or timeout: 60 milliseconds
Build info: version: &amp;apos;3.4.0&amp;apos;, revision: &amp;apos;unknown&amp;apos;, time: &amp;apos;unknown&amp;apos;
System info: host: &amp;apos;D-184000435&amp;apos;, ip: &amp;apos;10.159.34.70&amp;apos;, os.name: &amp;apos;Windows 10&amp;apos;, os.arch: &amp;apos;amd64&amp;apos;, os.version: &amp;apos;10.0&amp;apos;, java.version: &amp;apos;1.8.0_121&amp;apos;
Driver info: org.openqa.selenium.chrome.ChromeDriver
Capabilities [{applicationCacheEnabled=false, rotatable=false, mobileEmulationEnabled=false, networkConnectionEnabled=false, chrome={chromedriverVersion=2.33.506120 (e3e53437346286c0bc2d2dc9aa4915ba81d9023f), userDataDir=C:\Users\an247684\AppData\Local\Temp\scoped_dir3680_3618}, takesHeapSnapshot=true, pageLoadStrategy=normal, databaseEnabled=false, handlesAlerts=true, hasTouchScreen=false, version=64.0.3282.167, platform=XP, browserConnectionEnabled=false, nativeEvents=true, acceptSslCerts=true, locationContextEnabled=true, webStorageEnabled=true, browserName=chrome, takesScreenshot=true, javascriptEnabled=true, cssSelectorsEnabled=true, setWindowRect=true, unexpectedAlertBehaviour=}]
Session ID: c2889abab30b7f725051d05c7f0de5eb">
      <![CDATA[org.openqa.selenium.WebDriverException: unknown error: Element <input type="button" value="Add to Cart" id="button-cart" class="button"> is not clickable at point (774, 340). Other element would receive the click: <div class="right">...</div>
  (Session info: chrome=64.0.3282.167)
  (Driver info: chromedriver=2.33.506120 (e3e53437346286c0bc2d2dc9aa4915ba81d9023f),platform=Windows NT 10.0.14393 x86_64) (WARNING: The server did not provide any stacktrace information)
Command duration or timeout: 60 milliseconds
Build info: version: '3.4.0', revision: 'unknown', time: 'unknown'
System info: host: 'D-184000435', ip: '10.159.34.70', os.name: 'Windows 10', os.arch: 'amd64', os.version: '10.0', java.version: '1.8.0_121'
Driver info: org.openqa.selenium.chrome.ChromeDriver
Capabilities [{applicationCacheEnabled=false, rotatable=false, mobileEmulationEnabled=false, networkConnectionEnabled=false, chrome={chromedriverVersion=2.33.506120 (e3e53437346286c0bc2d2dc9aa4915ba81d9023f), userDataDir=C:\Users\an247684\AppData\Local\Temp\scoped_dir3680_3618}, takesHeapSnapshot=true, pageLoadStrategy=normal, databaseEnabled=false, handlesAlerts=true, hasTouchScreen=false, version=64.0.3282.167, platform=XP, browserConnectionEnabled=false, nativeEvents=true, acceptSslCerts=true, locationContextEnabled=true, webStorageEnabled=true, browserName=chrome, takesScreenshot=true, javascriptEnabled=true, cssSelectorsEnabled=true, setWindowRect=true, unexpectedAlertBehaviour=}]
Session ID: c2889abab30b7f725051d05c7f0de5eb
	at org.openqa.selenium.remote.ErrorHandler.createThrowable(ErrorHandler.java:215)
	at org.openqa.selenium.remote.ErrorHandler.throwIfResponseFailed(ErrorHandler.java:167)
	at org.openqa.selenium.remote.RemoteWebDriver.execute(RemoteWebDriver.java:671)
	at org.openqa.selenium.remote.RemoteWebElement.execute(RemoteWebElement.java:272)
	at org.openqa.selenium.remote.RemoteWebElement.click(RemoteWebElement.java:82)
	at com.wipro.opencart.TC03Opencart.AddPhones(TC03Opencart.java:120)
	at org.apache.maven.surefire.testng.TestNGExecutor.run(TestNGExecutor.java:283)
	at org.apache.maven.surefire.testng.TestNGXmlTestSuite.execute(TestNGXmlTestSuite.java:75)
	at org.apache.maven.surefire.testng.TestNGProvider.invoke(TestNGProvider.java:120)
	at org.apache.maven.surefire.booter.ForkedBooter.invokeProviderInSameClassLoader(ForkedBooter.java:373)
	at org.apache.maven.surefire.booter.ForkedBooter.runSuitesInProcess(ForkedBooter.java:334)
	at org.apache.maven.surefire.booter.ForkedBooter.execute(ForkedBooter.java:119)
	at org.apache.maven.surefire.booter.ForkedBooter.main(ForkedBooter.java:407)
... Removed 25 stack frames]]>
    </failure>
  </testcase> <!-- AddPhones -->
  <testcase name="Featured" time="123.815" classname="com.wipro.opencart.TC04Opencart"/>
  <testcase name="ExcelPrinting" time="4.302" classname="com.wipro.opencart.TC01Opencart"/>
  <testcase name="SamsungTab" time="2.789" classname="com.wipro.opencart.TC01Opencart"/>
  <testcase name="ReviewPrinting" time="16.811" classname="com.wipro.opencart.TC01Opencart"/>
  <testcase name="ReviewPrinting" time="18.084" classname="com.wipro.opencart.TC01Opencart"/>
  <testcase name="AddToCart" time="60.904" classname="com.wipro.opencart.TC01Opencart"/>
  <testcase name="Search" time="0.693" classname="com.wipro.opencart.TC02Opencart"/>
  <testcase name="ProductComparision" time="116.325" classname="com.wipro.opencart.TC02Opencart"/>
</testsuite> <!-- Test -->
