<?xml version="1.0" encoding="UTF-8"?>
<testng-results skipped="0" failed="1" total="9" passed="8">
  <reporter-output>
    <line>
      <![CDATA[Login successful]]>
    </line>
    <line>
      <![CDATA[Login successful]]>
    </line>
    <line>
      <![CDATA[Login successful]]>
    </line>
  </reporter-output>
  <suite name="Suite" duration-ms="473301" started-at="2018-02-14T10:45:53Z" finished-at="2018-02-14T10:53:46Z">
    <groups>
    </groups>
    <test name="Test" duration-ms="473301" started-at="2018-02-14T10:45:53Z" finished-at="2018-02-14T10:53:46Z">
      <class name="com.wipro.opencart.TC04Opencart">
        <test-method status="PASS" signature="startReport()[pri:0, instance:com.wipro.opencart.TC04Opencart@5afa04c]" name="startReport" is-config="true" duration-ms="8" started-at="2018-02-14T16:16:41Z" finished-at="2018-02-14T16:16:41Z">
          <reporter-output>
          </reporter-output>
        </test-method> <!-- startReport -->
        <test-method status="PASS" signature="login()[pri:0, instance:com.wipro.opencart.TC04Opencart@5afa04c]" name="login" is-config="true" duration-ms="28572" started-at="2018-02-14T16:16:41Z" finished-at="2018-02-14T16:17:09Z">
          <reporter-output>
            <line>
              <![CDATA[Login successful]]>
            </line>
          </reporter-output>
        </test-method> <!-- login -->
        <test-method status="PASS" signature="Featured()[pri:0, instance:com.wipro.opencart.TC04Opencart@5afa04c]" name="Featured" duration-ms="123815" started-at="2018-02-14T16:17:09Z" finished-at="2018-02-14T16:19:13Z">
          <reporter-output>
          </reporter-output>
        </test-method> <!-- Featured -->
        <test-method status="PASS" signature="getResult(org.testng.ITestResult)[pri:0, instance:com.wipro.opencart.TC04Opencart@5afa04c]" name="getResult" is-config="true" duration-ms="0" started-at="2018-02-14T16:19:13Z" finished-at="2018-02-14T16:19:13Z">
          <params>
            <param index="0">
              <value>
                <![CDATA[[TestResult name=Featured status=SUCCESS method=TC04Opencart.Featured()[pri:0, instance:com.wipro.opencart.TC04Opencart@5afa04c] output={null}]]]>
              </value>
            </param>
          </params>
          <reporter-output>
          </reporter-output>
        </test-method> <!-- getResult -->
        <test-method status="PASS" signature="Logout1()[pri:0, instance:com.wipro.opencart.TC04Opencart@5afa04c]" name="Logout1" is-config="true" duration-ms="453" started-at="2018-02-14T16:19:13Z" finished-at="2018-02-14T16:19:14Z">
          <reporter-output>
          </reporter-output>
        </test-method> <!-- Logout1 -->
        <test-method status="PASS" signature="endReport()[pri:0, instance:com.wipro.opencart.TC04Opencart@5afa04c]" name="endReport" is-config="true" duration-ms="111" started-at="2018-02-14T16:19:14Z" finished-at="2018-02-14T16:19:14Z">
          <reporter-output>
          </reporter-output>
        </test-method> <!-- endReport -->
      </class> <!-- com.wipro.opencart.TC04Opencart -->
      <class name="com.wipro.opencart.TC02Opencart">
        <test-method status="PASS" signature="startReport()[pri:0, instance:com.wipro.opencart.TC02Opencart@2344fc66]" name="startReport" is-config="true" duration-ms="12" started-at="2018-02-14T16:21:30Z" finished-at="2018-02-14T16:21:30Z">
          <reporter-output>
          </reporter-output>
        </test-method> <!-- startReport -->
        <test-method status="PASS" signature="login()[pri:0, instance:com.wipro.opencart.TC02Opencart@2344fc66]" name="login" is-config="true" duration-ms="18694" started-at="2018-02-14T16:21:30Z" finished-at="2018-02-14T16:21:48Z">
          <reporter-output>
            <line>
              <![CDATA[Login successful]]>
            </line>
          </reporter-output>
        </test-method> <!-- login -->
        <test-method status="PASS" signature="Search(java.lang.String)[pri:0, instance:com.wipro.opencart.TC02Opencart@2344fc66]" name="Search" duration-ms="693" started-at="2018-02-14T16:21:48Z" data-provider="Search" finished-at="2018-02-14T16:21:49Z">
          <params>
            <param index="0">
              <value>
                <![CDATA[Apple]]>
              </value>
            </param>
          </params>
          <reporter-output>
          </reporter-output>
        </test-method> <!-- Search -->
        <test-method status="PASS" signature="getResult(org.testng.ITestResult)[pri:0, instance:com.wipro.opencart.TC02Opencart@2344fc66]" name="getResult" is-config="true" duration-ms="1" started-at="2018-02-14T16:21:49Z" finished-at="2018-02-14T16:21:49Z">
          <params>
            <param index="0">
              <value>
                <![CDATA[[TestResult name=Search status=SUCCESS method=TC02Opencart.Search(java.lang.String)[pri:0, instance:com.wipro.opencart.TC02Opencart@2344fc66] output={null}]]]>
              </value>
            </param>
          </params>
          <reporter-output>
          </reporter-output>
        </test-method> <!-- getResult -->
        <test-method status="PASS" signature="ProductComparision()[pri:0, instance:com.wipro.opencart.TC02Opencart@2344fc66]" name="ProductComparision" duration-ms="116325" started-at="2018-02-14T16:21:49Z" finished-at="2018-02-14T16:23:45Z">
          <reporter-output>
          </reporter-output>
        </test-method> <!-- ProductComparision -->
        <test-method status="PASS" signature="getResult(org.testng.ITestResult)[pri:0, instance:com.wipro.opencart.TC02Opencart@2344fc66]" name="getResult" is-config="true" duration-ms="1" started-at="2018-02-14T16:23:45Z" finished-at="2018-02-14T16:23:45Z">
          <params>
            <param index="0">
              <value>
                <![CDATA[[TestResult name=ProductComparision status=SUCCESS method=TC02Opencart.ProductComparision()[pri:0, instance:com.wipro.opencart.TC02Opencart@2344fc66] output={null}]]]>
              </value>
            </param>
          </params>
          <reporter-output>
          </reporter-output>
        </test-method> <!-- getResult -->
        <test-method status="PASS" signature="Logout()[pri:0, instance:com.wipro.opencart.TC02Opencart@2344fc66]" name="Logout" is-config="true" duration-ms="473" started-at="2018-02-14T16:23:45Z" finished-at="2018-02-14T16:23:46Z">
          <reporter-output>
          </reporter-output>
        </test-method> <!-- Logout -->
        <test-method status="PASS" signature="endReport()[pri:0, instance:com.wipro.opencart.TC02Opencart@2344fc66]" name="endReport" is-config="true" duration-ms="71" started-at="2018-02-14T16:23:46Z" finished-at="2018-02-14T16:23:46Z">
          <reporter-output>
          </reporter-output>
        </test-method> <!-- endReport -->
      </class> <!-- com.wipro.opencart.TC02Opencart -->
      <class name="com.wipro.opencart.TC03Opencart">
        <test-method status="PASS" signature="startReport()[pri:0, instance:com.wipro.opencart.TC03Opencart@7ca48474]" name="startReport" is-config="true" duration-ms="386" started-at="2018-02-14T16:15:53Z" finished-at="2018-02-14T16:15:53Z">
          <reporter-output>
          </reporter-output>
        </test-method> <!-- startReport -->
        <test-method status="PASS" signature="login()[pri:0, instance:com.wipro.opencart.TC03Opencart@7ca48474]" name="login" is-config="true" duration-ms="22693" started-at="2018-02-14T16:15:53Z" finished-at="2018-02-14T16:16:16Z">
          <reporter-output>
            <line>
              <![CDATA[Login successful]]>
            </line>
          </reporter-output>
        </test-method> <!-- login -->
        <test-method status="FAIL" signature="AddPhones()[pri:0, instance:com.wipro.opencart.TC03Opencart@7ca48474]" name="AddPhones" duration-ms="23166" started-at="2018-02-14T16:16:16Z" finished-at="2018-02-14T16:16:39Z">
          <exception class="org.openqa.selenium.WebDriverException">
            <message>
              <![CDATA[unknown error: Element <input type="button" value="Add to Cart" id="button-cart" class="button"> is not clickable at point (774, 340). Other element would receive the click: <div class="right">...</div>
  (Session info: chrome=64.0.3282.167)
  (Driver info: chromedriver=2.33.506120 (e3e53437346286c0bc2d2dc9aa4915ba81d9023f),platform=Windows NT 10.0.14393 x86_64) (WARNING: The server did not provide any stacktrace information)
Command duration or timeout: 60 milliseconds
Build info: version: '3.4.0', revision: 'unknown', time: 'unknown'
System info: host: 'D-184000435', ip: '10.159.34.70', os.name: 'Windows 10', os.arch: 'amd64', os.version: '10.0', java.version: '1.8.0_121'
Driver info: org.openqa.selenium.chrome.ChromeDriver
Capabilities [{applicationCacheEnabled=false, rotatable=false, mobileEmulationEnabled=false, networkConnectionEnabled=false, chrome={chromedriverVersion=2.33.506120 (e3e53437346286c0bc2d2dc9aa4915ba81d9023f), userDataDir=C:\Users\an247684\AppData\Local\Temp\scoped_dir3680_3618}, takesHeapSnapshot=true, pageLoadStrategy=normal, databaseEnabled=false, handlesAlerts=true, hasTouchScreen=false, version=64.0.3282.167, platform=XP, browserConnectionEnabled=false, nativeEvents=true, acceptSslCerts=true, locationContextEnabled=true, webStorageEnabled=true, browserName=chrome, takesScreenshot=true, javascriptEnabled=true, cssSelectorsEnabled=true, setWindowRect=true, unexpectedAlertBehaviour=}]
Session ID: c2889abab30b7f725051d05c7f0de5eb]]>
            </message>
            <full-stacktrace>
              <![CDATA[org.openqa.selenium.WebDriverException: unknown error: Element <input type="button" value="Add to Cart" id="button-cart" class="button"> is not clickable at point (774, 340). Other element would receive the click: <div class="right">...</div>
  (Session info: chrome=64.0.3282.167)
  (Driver info: chromedriver=2.33.506120 (e3e53437346286c0bc2d2dc9aa4915ba81d9023f),platform=Windows NT 10.0.14393 x86_64) (WARNING: The server did not provide any stacktrace information)
Command duration or timeout: 60 milliseconds
Build info: version: '3.4.0', revision: 'unknown', time: 'unknown'
System info: host: 'D-184000435', ip: '10.159.34.70', os.name: 'Windows 10', os.arch: 'amd64', os.version: '10.0', java.version: '1.8.0_121'
Driver info: org.openqa.selenium.chrome.ChromeDriver
Capabilities [{applicationCacheEnabled=false, rotatable=false, mobileEmulationEnabled=false, networkConnectionEnabled=false, chrome={chromedriverVersion=2.33.506120 (e3e53437346286c0bc2d2dc9aa4915ba81d9023f), userDataDir=C:\Users\an247684\AppData\Local\Temp\scoped_dir3680_3618}, takesHeapSnapshot=true, pageLoadStrategy=normal, databaseEnabled=false, handlesAlerts=true, hasTouchScreen=false, version=64.0.3282.167, platform=XP, browserConnectionEnabled=false, nativeEvents=true, acceptSslCerts=true, locationContextEnabled=true, webStorageEnabled=true, browserName=chrome, takesScreenshot=true, javascriptEnabled=true, cssSelectorsEnabled=true, setWindowRect=true, unexpectedAlertBehaviour=}]
Session ID: c2889abab30b7f725051d05c7f0de5eb
	at sun.reflect.NativeConstructorAccessorImpl.newInstance0(Native Method)
	at sun.reflect.NativeConstructorAccessorImpl.newInstance(NativeConstructorAccessorImpl.java:62)
	at sun.reflect.DelegatingConstructorAccessorImpl.newInstance(DelegatingConstructorAccessorImpl.java:45)
	at java.lang.reflect.Constructor.newInstance(Constructor.java:423)
	at org.openqa.selenium.remote.ErrorHandler.createThrowable(ErrorHandler.java:215)
	at org.openqa.selenium.remote.ErrorHandler.throwIfResponseFailed(ErrorHandler.java:167)
	at org.openqa.selenium.remote.RemoteWebDriver.execute(RemoteWebDriver.java:671)
	at org.openqa.selenium.remote.RemoteWebElement.execute(RemoteWebElement.java:272)
	at org.openqa.selenium.remote.RemoteWebElement.click(RemoteWebElement.java:82)
	at com.wipro.opencart.TC03Opencart.AddPhones(TC03Opencart.java:120)
	at sun.reflect.NativeMethodAccessorImpl.invoke0(Native Method)
	at sun.reflect.NativeMethodAccessorImpl.invoke(NativeMethodAccessorImpl.java:62)
	at sun.reflect.DelegatingMethodAccessorImpl.invoke(DelegatingMethodAccessorImpl.java:43)
	at java.lang.reflect.Method.invoke(Method.java:498)
	at org.testng.internal.MethodInvocationHelper.invokeMethod(MethodInvocationHelper.java:80)
	at org.testng.internal.Invoker.invokeMethod(Invoker.java:714)
	at org.testng.internal.Invoker.invokeTestMethod(Invoker.java:901)
	at org.testng.internal.Invoker.invokeTestMethods(Invoker.java:1231)
	at org.testng.internal.TestMethodWorker.invokeTestMethods(TestMethodWorker.java:127)
	at org.testng.internal.TestMethodWorker.run(TestMethodWorker.java:111)
	at org.testng.TestRunner.privateRun(TestRunner.java:767)
	at org.testng.TestRunner.run(TestRunner.java:617)
	at org.testng.SuiteRunner.runTest(SuiteRunner.java:334)
	at org.testng.SuiteRunner.runSequentially(SuiteRunner.java:329)
	at org.testng.SuiteRunner.privateRun(SuiteRunner.java:291)
	at org.testng.SuiteRunner.run(SuiteRunner.java:240)
	at org.testng.SuiteRunnerWorker.runSuite(SuiteRunnerWorker.java:52)
	at org.testng.SuiteRunnerWorker.run(SuiteRunnerWorker.java:86)
	at org.testng.TestNG.runSuitesSequentially(TestNG.java:1198)
	at org.testng.TestNG.runSuitesLocally(TestNG.java:1123)
	at org.testng.TestNG.run(TestNG.java:1031)
	at org.apache.maven.surefire.testng.TestNGExecutor.run(TestNGExecutor.java:283)
	at org.apache.maven.surefire.testng.TestNGXmlTestSuite.execute(TestNGXmlTestSuite.java:75)
	at org.apache.maven.surefire.testng.TestNGProvider.invoke(TestNGProvider.java:120)
	at org.apache.maven.surefire.booter.ForkedBooter.invokeProviderInSameClassLoader(ForkedBooter.java:373)
	at org.apache.maven.surefire.booter.ForkedBooter.runSuitesInProcess(ForkedBooter.java:334)
	at org.apache.maven.surefire.booter.ForkedBooter.execute(ForkedBooter.java:119)
	at org.apache.maven.surefire.booter.ForkedBooter.main(ForkedBooter.java:407)
]]>
            </full-stacktrace>
          </exception> <!-- org.openqa.selenium.WebDriverException -->
          <reporter-output>
          </reporter-output>
        </test-method> <!-- AddPhones -->
        <test-method status="PASS" signature="getResult(org.testng.ITestResult)[pri:0, instance:com.wipro.opencart.TC03Opencart@7ca48474]" name="getResult" is-config="true" duration-ms="7" started-at="2018-02-14T16:16:39Z" finished-at="2018-02-14T16:16:39Z">
          <params>
            <param index="0">
              <value>
                <![CDATA[[TestResult name=AddPhones status=FAILURE method=TC03Opencart.AddPhones()[pri:0, instance:com.wipro.opencart.TC03Opencart@7ca48474] output={null}]]]>
              </value>
            </param>
          </params>
          <reporter-output>
          </reporter-output>
        </test-method> <!-- getResult -->
        <test-method status="PASS" signature="Logout()[pri:0, instance:com.wipro.opencart.TC03Opencart@7ca48474]" name="Logout" is-config="true" duration-ms="1026" started-at="2018-02-14T16:16:39Z" finished-at="2018-02-14T16:16:40Z">
          <reporter-output>
          </reporter-output>
        </test-method> <!-- Logout -->
        <test-method status="PASS" signature="endReport()[pri:0, instance:com.wipro.opencart.TC03Opencart@7ca48474]" name="endReport" is-config="true" duration-ms="698" started-at="2018-02-14T16:16:40Z" finished-at="2018-02-14T16:16:41Z">
          <reporter-output>
          </reporter-output>
        </test-method> <!-- endReport -->
      </class> <!-- com.wipro.opencart.TC03Opencart -->
      <class name="com.wipro.opencart.TC01Opencart">
        <test-method status="PASS" signature="startReport()[pri:0, instance:com.wipro.opencart.TC01Opencart@7921b0a2]" name="startReport" is-config="true" duration-ms="9" started-at="2018-02-14T16:19:14Z" finished-at="2018-02-14T16:19:14Z">
          <reporter-output>
          </reporter-output>
        </test-method> <!-- startReport -->
        <test-method status="PASS" signature="launchBrowser()[pri:0, instance:com.wipro.opencart.TC01Opencart@7921b0a2]" name="launchBrowser" is-config="true" duration-ms="23827" started-at="2018-02-14T16:19:14Z" finished-at="2018-02-14T16:19:38Z">
          <reporter-output>
          </reporter-output>
        </test-method> <!-- launchBrowser -->
        <test-method status="PASS" signature="ExcelPrinting(java.lang.String, java.lang.String, java.lang.String, java.lang.String, java.lang.String, java.lang.String, java.lang.String, java.lang.String, java.lang.String)[pri:0, instance:com.wipro.opencart.TC01Opencart@7921b0a2]" name="ExcelPrinting" duration-ms="4302" started-at="2018-02-14T16:19:38Z" data-provider="proauthen" finished-at="2018-02-14T16:19:42Z">
          <params>
            <param index="0">
              <value>
                <![CDATA[Demo51]]>
              </value>
            </param>
            <param index="1">
              <value>
                <![CDATA[User]]>
              </value>
            </param>
            <param index="2">
              <value>
                <![CDATA[Demo65.User@gmail.com]]>
              </value>
            </param>
            <param index="3">
              <value>
                <![CDATA[2664867867]]>
              </value>
            </param>
            <param index="4">
              <value>
                <![CDATA[abcd]]>
              </value>
            </param>
            <param index="5">
              <value>
                <![CDATA[Hyderabad]]>
              </value>
            </param>
            <param index="6">
              <value>
                <![CDATA[1111]]>
              </value>
            </param>
            <param index="7">
              <value>
                <![CDATA[Abc@123456]]>
              </value>
            </param>
            <param index="8">
              <value>
                <![CDATA[Abc@123456]]>
              </value>
            </param>
          </params>
          <reporter-output>
          </reporter-output>
        </test-method> <!-- ExcelPrinting -->
        <test-method status="PASS" signature="getResult(org.testng.ITestResult)[pri:0, instance:com.wipro.opencart.TC01Opencart@7921b0a2]" name="getResult" is-config="true" duration-ms="0" started-at="2018-02-14T16:19:42Z" finished-at="2018-02-14T16:19:42Z">
          <params>
            <param index="0">
              <value>
                <![CDATA[[TestResult name=ExcelPrinting status=SUCCESS method=TC01Opencart.ExcelPrinting(java.lang.String, java.lang.String, java.lang.String, java.lang.String, java.lang.String, java.lang.String, java.lang.String, java.lang.String, java.lang.String)[pri:0, instance:com.wipro.opencart.TC01Opencart@7921b0a2] output={null}]]]>
              </value>
            </param>
          </params>
          <reporter-output>
          </reporter-output>
        </test-method> <!-- getResult -->
        <test-method status="PASS" signature="SamsungTab()[pri:0, instance:com.wipro.opencart.TC01Opencart@7921b0a2]" name="SamsungTab" duration-ms="2789" started-at="2018-02-14T16:19:42Z" finished-at="2018-02-14T16:19:45Z">
          <reporter-output>
          </reporter-output>
        </test-method> <!-- SamsungTab -->
        <test-method status="PASS" signature="getResult(org.testng.ITestResult)[pri:0, instance:com.wipro.opencart.TC01Opencart@7921b0a2]" name="getResult" is-config="true" duration-ms="0" started-at="2018-02-14T16:19:45Z" finished-at="2018-02-14T16:19:45Z">
          <params>
            <param index="0">
              <value>
                <![CDATA[[TestResult name=SamsungTab status=SUCCESS method=TC01Opencart.SamsungTab()[pri:0, instance:com.wipro.opencart.TC01Opencart@7921b0a2] output={null}]]]>
              </value>
            </param>
          </params>
          <reporter-output>
          </reporter-output>
        </test-method> <!-- getResult -->
        <test-method status="PASS" signature="ReviewPrinting(java.lang.String, java.lang.String, java.lang.String)[pri:0, instance:com.wipro.opencart.TC01Opencart@7921b0a2]" name="ReviewPrinting" duration-ms="16811" started-at="2018-02-14T16:19:45Z" data-provider="Review" finished-at="2018-02-14T16:20:02Z">
          <params>
            <param index="0">
              <value>
                <![CDATA[DemoUser]]>
              </value>
            </param>
            <param index="1">
              <value>
                <![CDATA[This is a Demo]]>
              </value>
            </param>
            <param index="2">
              <value>
                <![CDATA[4]]>
              </value>
            </param>
          </params>
          <reporter-output>
          </reporter-output>
        </test-method> <!-- ReviewPrinting -->
        <test-method status="PASS" signature="ReviewPrinting(java.lang.String, java.lang.String, java.lang.String)[pri:0, instance:com.wipro.opencart.TC01Opencart@7921b0a2]" name="ReviewPrinting" duration-ms="18084" started-at="2018-02-14T16:20:02Z" data-provider="Review" finished-at="2018-02-14T16:20:20Z">
          <params>
            <param index="0">
              <value>
                <![CDATA[DemoUser1]]>
              </value>
            </param>
            <param index="1">
              <value>
                <![CDATA[This is a Demo User.This is a Demo UserThis is a Demo UserThis is a Demo UserThis is a Demo UserThis is a Demo UserThis is a Demo UserThis is a Demo UserThis is a Demo UserThis is a Demo UserThis is a Demo 
 UserThis is a Demo 
 UserThis is a Demo 
 UserThis is a Demo 
 UserThis is a Demo ]]>
              </value>
            </param>
            <param index="2">
              <value>
                <![CDATA[2]]>
              </value>
            </param>
          </params>
          <reporter-output>
          </reporter-output>
        </test-method> <!-- ReviewPrinting -->
        <test-method status="PASS" signature="getResult(org.testng.ITestResult)[pri:0, instance:com.wipro.opencart.TC01Opencart@7921b0a2]" name="getResult" is-config="true" duration-ms="0" started-at="2018-02-14T16:20:02Z" finished-at="2018-02-14T16:20:02Z">
          <params>
            <param index="0">
              <value>
                <![CDATA[[TestResult name=ReviewPrinting status=SUCCESS method=TC01Opencart.ReviewPrinting(java.lang.String, java.lang.String, java.lang.String)[pri:0, instance:com.wipro.opencart.TC01Opencart@7921b0a2] output={null}]]]>
              </value>
            </param>
          </params>
          <reporter-output>
          </reporter-output>
        </test-method> <!-- getResult -->
        <test-method status="PASS" signature="getResult(org.testng.ITestResult)[pri:0, instance:com.wipro.opencart.TC01Opencart@7921b0a2]" name="getResult" is-config="true" duration-ms="0" started-at="2018-02-14T16:20:20Z" finished-at="2018-02-14T16:20:20Z">
          <params>
            <param index="0">
              <value>
                <![CDATA[[TestResult name=ReviewPrinting status=SUCCESS method=TC01Opencart.ReviewPrinting(java.lang.String, java.lang.String, java.lang.String)[pri:0, instance:com.wipro.opencart.TC01Opencart@7921b0a2] output={null}]]]>
              </value>
            </param>
          </params>
          <reporter-output>
          </reporter-output>
        </test-method> <!-- getResult -->
        <test-method status="PASS" signature="AddToCart()[pri:0, instance:com.wipro.opencart.TC01Opencart@7921b0a2]" name="AddToCart" duration-ms="60904" started-at="2018-02-14T16:20:20Z" finished-at="2018-02-14T16:21:21Z">
          <reporter-output>
          </reporter-output>
        </test-method> <!-- AddToCart -->
        <test-method status="PASS" signature="getResult(org.testng.ITestResult)[pri:0, instance:com.wipro.opencart.TC01Opencart@7921b0a2]" name="getResult" is-config="true" duration-ms="0" started-at="2018-02-14T16:21:21Z" finished-at="2018-02-14T16:21:21Z">
          <params>
            <param index="0">
              <value>
                <![CDATA[[TestResult name=AddToCart status=SUCCESS method=TC01Opencart.AddToCart()[pri:0, instance:com.wipro.opencart.TC01Opencart@7921b0a2] output={null}]]]>
              </value>
            </param>
          </params>
          <reporter-output>
          </reporter-output>
        </test-method> <!-- getResult -->
        <test-method status="PASS" signature="Logout()[pri:0, instance:com.wipro.opencart.TC01Opencart@7921b0a2]" name="Logout" is-config="true" duration-ms="8525" started-at="2018-02-14T16:21:21Z" finished-at="2018-02-14T16:21:30Z">
          <reporter-output>
          </reporter-output>
        </test-method> <!-- Logout -->
        <test-method status="PASS" signature="endReport()[pri:0, instance:com.wipro.opencart.TC01Opencart@7921b0a2]" name="endReport" is-config="true" duration-ms="111" started-at="2018-02-14T16:21:30Z" finished-at="2018-02-14T16:21:30Z">
          <reporter-output>
          </reporter-output>
        </test-method> <!-- endReport -->
      </class> <!-- com.wipro.opencart.TC01Opencart -->
    </test> <!-- Test -->
  </suite> <!-- Suite -->
</testng-results>
