<?xml version="1.0" encoding="UTF-8"?>
<testsuite xmlns:xsi="http://www.w3.org/2001/XMLSchema-instance" xsi:noNamespaceSchemaLocation="https://maven.apache.org/surefire/maven-surefire-plugin/xsd/surefire-test-report.xsd" name="TestSuite" time="474.356" tests="9" errors="0" skipped="0" failures="1">
  <properties>
[...]
</properties>
  <testcase name="AddPhones" classname="com.wipro.opencart.TC03Opencart" time="23.24">
    <failure message="unknown error: Element &lt;input type=&quot;button&quot; value=&quot;Add to Cart&quot; id=&quot;button-cart&quot; class=&quot;button&quot;&gt; is not clickable at point (774, 340). Other element would receive the click: &lt;div class=&quot;right&quot;&gt;...&lt;/div&gt;&#10;  (Session info: chrome=64.0.3282.167)&#10;  (Driver info: chromedriver=2.33.506120 (e3e53437346286c0bc2d2dc9aa4915ba81d9023f),platform=Windows NT 10.0.14393 x86_64) (WARNING: The server did not provide any stacktrace information)&#10;Command duration or timeout: 60 milliseconds&#10;Build info: version: &apos;3.4.0&apos;, revision: &apos;unknown&apos;, time: &apos;unknown&apos;&#10;System info: host: &apos;D-184000435&apos;, ip: &apos;10.159.34.70&apos;, os.name: &apos;Windows 10&apos;, os.arch: &apos;amd64&apos;, os.version: &apos;10.0&apos;, java.version: &apos;1.8.0_121&apos;&#10;Driver info: org.openqa.selenium.chrome.ChromeDriver&#10;Capabilities [{applicationCacheEnabled=false, rotatable=false, mobileEmulationEnabled=false, networkConnectionEnabled=false, chrome={chromedriverVersion=2.33.506120 (e3e53437346286c0bc2d2dc9aa4915ba81d9023f), userDataDir=C:\Users\an247684\AppData\Local\Temp\scoped_dir3680_3618}, takesHeapSnapshot=true, pageLoadStrategy=normal, databaseEnabled=false, handlesAlerts=true, hasTouchScreen=false, version=64.0.3282.167, platform=XP, browserConnectionEnabled=false, nativeEvents=true, acceptSslCerts=true, locationContextEnabled=true, webStorageEnabled=true, browserName=chrome, takesScreenshot=true, javascriptEnabled=true, cssSelectorsEnabled=true, setWindowRect=true, unexpectedAlertBehaviour=}]&#10;Session ID: c2889abab30b7f725051d05c7f0de5eb" type="org.openqa.selenium.WebDriverException"><![CDATA[org.openqa.selenium.WebDriverException: 
unknown error: Element <input type="button" value="Add to Cart" id="button-cart" class="button"> is not clickable at point (774, 340). Other element would receive the click: <div class="right">...</div>
  (Session info: chrome=64.0.3282.167)
  (Driver info: chromedriver=2.33.506120 (e3e53437346286c0bc2d2dc9aa4915ba81d9023f),platform=Windows NT 10.0.14393 x86_64) (WARNING: The server did not provide any stacktrace information)
Command duration or timeout: 60 milliseconds
Build info: version: '3.4.0', revision: 'unknown', time: 'unknown'
System info: host: 'D-184000435', ip: '10.159.34.70', os.name: 'Windows 10', os.arch: 'amd64', os.version: '10.0', java.version: '1.8.0_121'
Driver info: org.openqa.selenium.chrome.ChromeDriver
Capabilities [{applicationCacheEnabled=false, rotatable=false, mobileEmulationEnabled=false, networkConnectionEnabled=false, chrome={chromedriverVersion=2.33.506120 (e3e53437346286c0bc2d2dc9aa4915ba81d9023f), userDataDir=C:\Users\an247684\AppData\Local\Temp\scoped_dir3680_3618}, takesHeapSnapshot=true, pageLoadStrategy=normal, databaseEnabled=false, handlesAlerts=true, hasTouchScreen=false, version=64.0.3282.167, platform=XP, browserConnectionEnabled=false, nativeEvents=true, acceptSslCerts=true, locationContextEnabled=true, webStorageEnabled=true, browserName=chrome, takesScreenshot=true, javascriptEnabled=true, cssSelectorsEnabled=true, setWindowRect=true, unexpectedAlertBehaviour=}]
Session ID: c2889abab30b7f725051d05c7f0de5eb
	at com.wipro.opencart.TC03Opencart.AddPhones(TC03Opencart.java:120)
]]></failure>
    <system-out><![CDATA[Step 1,2,3:Logged in with the User Demo
Step 4:Home page
Step 5:Clicked on Samsung galaxy 
Step 6:Clicked on image
7
7
Step 7:image  1
Step 7:image  2
Step 7:image  3
Step 7:image  4
Step 7:image  5
Step 7:image  6
Step 7:image  7
Step 8:Closed
]]></system-out>
    <system-err><![CDATA[Feb 14, 2018 4:15:53 PM com.relevantcodes.extentreports.ExtentReports loadConfig
WARNING: Unable to perform report configuration. The file C:\Users\an247684\workspace\opencart\extent-config.xml was not found.
Starting ChromeDriver 2.33.506120 (e3e53437346286c0bc2d2dc9aa4915ba81d9023f) on port 41556
Only local connections are allowed.
Feb 14, 2018 4:15:59 PM org.openqa.selenium.remote.ProtocolHandshake createSession
INFO: Detected dialect: OSS
]]></system-err>
  </testcase>
  <testcase name="Featured" classname="com.wipro.opencart.TC04Opencart" time="123.813"/>
  <testcase name="ExcelPrinting" classname="com.wipro.opencart.TC01Opencart" time="4.303"/>
  <testcase name="SamsungTab" classname="com.wipro.opencart.TC01Opencart" time="2.788"/>
  <testcase name="ReviewPrinting" classname="com.wipro.opencart.TC01Opencart" time="16.811"/>
  <testcase name="ReviewPrinting" classname="com.wipro.opencart.TC01Opencart" time="18.083"/>
  <testcase name="AddToCart" classname="com.wipro.opencart.TC01Opencart" time="60.903"/>
  <testcase name="Search" classname="com.wipro.opencart.TC02Opencart" time="0.691"/>
  <testcase name="ProductComparision" classname="com.wipro.opencart.TC02Opencart" time="116.325"/>
</testsuite>