<?xml version="1.0" encoding="UTF-8"?>
<testsuite xmlns:xsi="http://www.w3.org/2001/XMLSchema-instance" xsi:noNamespaceSchemaLocation="https://maven.apache.org/surefire/maven-surefire-plugin/xsd/surefire-test-report.xsd" name="TestSuite" time="139.635" tests="27" errors="0" skipped="21" failures="2">
  <properties>
[...]
</properties>
  <testcase name="ExcelPrinting" classname="com.wipro.opencart.TC01Opencart" time="4.138"/>
  <testcase name="SamsungTab" classname="com.wipro.opencart.TC01Opencart" time="3.976"/>
  <testcase name="ReviewPrinting" classname="com.wipro.opencart.TC01Opencart" time="16.78"/>
  <testcase name="ReviewPrinting" classname="com.wipro.opencart.TC01Opencart" time="18.283"/>
  <testcase name="AddToCart" classname="com.wipro.opencart.TC01Opencart" time="42.681">
    <failure message="no such element: Unable to locate element: {&quot;method&quot;:&quot;xpath&quot;,&quot;selector&quot;:&quot;.//*[@id=&apos;wishlist-row49&apos;]/tr/td[5]/div&quot;}&#10;  (Session info: chrome=64.0.3282.167)&#10;  (Driver info: chromedriver=2.33.506120 (e3e53437346286c0bc2d2dc9aa4915ba81d9023f),platform=Windows NT 10.0.14393 x86_64) (WARNING: The server did not provide any stacktrace information)&#10;Command duration or timeout: 30.06 seconds&#10;For documentation on this error, please visit: http://seleniumhq.org/exceptions/no_such_element.html&#10;Build info: version: &apos;3.4.0&apos;, revision: &apos;unknown&apos;, time: &apos;unknown&apos;&#10;System info: host: &apos;D-184000435&apos;, ip: &apos;10.159.34.70&apos;, os.name: &apos;Windows 10&apos;, os.arch: &apos;amd64&apos;, os.version: &apos;10.0&apos;, java.version: &apos;1.8.0_121&apos;&#10;Driver info: org.openqa.selenium.chrome.ChromeDriver&#10;Capabilities [{applicationCacheEnabled=false, rotatable=false, mobileEmulationEnabled=false, networkConnectionEnabled=false, chrome={chromedriverVersion=2.33.506120 (e3e53437346286c0bc2d2dc9aa4915ba81d9023f), userDataDir=C:\Users\an247684\AppData\Local\Temp\scoped_dir8080_11611}, takesHeapSnapshot=true, pageLoadStrategy=normal, databaseEnabled=false, handlesAlerts=true, hasTouchScreen=false, version=64.0.3282.167, platform=XP, browserConnectionEnabled=false, nativeEvents=true, acceptSslCerts=true, locationContextEnabled=true, webStorageEnabled=true, browserName=chrome, takesScreenshot=true, javascriptEnabled=true, cssSelectorsEnabled=true, setWindowRect=true, unexpectedAlertBehaviour=}]&#10;Session ID: f1fbe04f0c555493b112db29bbc01983&#10;*** Element info: {Using=xpath, value=.//*[@id=&apos;wishlist-row49&apos;]/tr/td[5]/div}" type="org.openqa.selenium.NoSuchElementException">org.openqa.selenium.NoSuchElementException: 
no such element: Unable to locate element: {"method":"xpath","selector":".//*[@id='wishlist-row49']/tr/td[5]/div"}
  (Session info: chrome=64.0.3282.167)
  (Driver info: chromedriver=2.33.506120 (e3e53437346286c0bc2d2dc9aa4915ba81d9023f),platform=Windows NT 10.0.14393 x86_64) (WARNING: The server did not provide any stacktrace information)
Command duration or timeout: 30.06 seconds
For documentation on this error, please visit: http://seleniumhq.org/exceptions/no_such_element.html
Build info: version: '3.4.0', revision: 'unknown', time: 'unknown'
System info: host: 'D-184000435', ip: '10.159.34.70', os.name: 'Windows 10', os.arch: 'amd64', os.version: '10.0', java.version: '1.8.0_121'
Driver info: org.openqa.selenium.chrome.ChromeDriver
Capabilities [{applicationCacheEnabled=false, rotatable=false, mobileEmulationEnabled=false, networkConnectionEnabled=false, chrome={chromedriverVersion=2.33.506120 (e3e53437346286c0bc2d2dc9aa4915ba81d9023f), userDataDir=C:\Users\an247684\AppData\Local\Temp\scoped_dir8080_11611}, takesHeapSnapshot=true, pageLoadStrategy=normal, databaseEnabled=false, handlesAlerts=true, hasTouchScreen=false, version=64.0.3282.167, platform=XP, browserConnectionEnabled=false, nativeEvents=true, acceptSslCerts=true, locationContextEnabled=true, webStorageEnabled=true, browserName=chrome, takesScreenshot=true, javascriptEnabled=true, cssSelectorsEnabled=true, setWindowRect=true, unexpectedAlertBehaviour=}]
Session ID: f1fbe04f0c555493b112db29bbc01983
*** Element info: {Using=xpath, value=.//*[@id='wishlist-row49']/tr/td[5]/div}
	at com.wipro.opencart.TC01Opencart.AddToCart(TC01Opencart.java:284)
</failure>
    <system-out><![CDATA[Added to WishList
close the success message of wishlist
clicked on Wish list link
Clicked on Euro
]]></system-out>
  </testcase>
  <testcase name="Logout" classname="com.wipro.opencart.TC01Opencart" time="72.71">
    <failure message="no such element: Unable to locate element: {&quot;method&quot;:&quot;link text&quot;,&quot;selector&quot;:&quot;Logout&quot;}&#10;  (Session info: chrome=64.0.3282.167)&#10;  (Driver info: chromedriver=2.33.506120 (e3e53437346286c0bc2d2dc9aa4915ba81d9023f),platform=Windows NT 10.0.14393 x86_64) (WARNING: The server did not provide any stacktrace information)&#10;Command duration or timeout: 30.02 seconds&#10;For documentation on this error, please visit: http://seleniumhq.org/exceptions/no_such_element.html&#10;Build info: version: &apos;3.4.0&apos;, revision: &apos;unknown&apos;, time: &apos;unknown&apos;&#10;System info: host: &apos;D-184000435&apos;, ip: &apos;10.159.34.70&apos;, os.name: &apos;Windows 10&apos;, os.arch: &apos;amd64&apos;, os.version: &apos;10.0&apos;, java.version: &apos;1.8.0_121&apos;&#10;Driver info: org.openqa.selenium.chrome.ChromeDriver&#10;Capabilities [{applicationCacheEnabled=false, rotatable=false, mobileEmulationEnabled=false, networkConnectionEnabled=false, chrome={chromedriverVersion=2.33.506120 (e3e53437346286c0bc2d2dc9aa4915ba81d9023f), userDataDir=C:\Users\an247684\AppData\Local\Temp\scoped_dir8080_11611}, takesHeapSnapshot=true, pageLoadStrategy=normal, databaseEnabled=false, handlesAlerts=true, hasTouchScreen=false, version=64.0.3282.167, platform=XP, browserConnectionEnabled=false, nativeEvents=true, acceptSslCerts=true, locationContextEnabled=true, webStorageEnabled=true, browserName=chrome, takesScreenshot=true, javascriptEnabled=true, cssSelectorsEnabled=true, setWindowRect=true, unexpectedAlertBehaviour=}]&#10;Session ID: f1fbe04f0c555493b112db29bbc01983&#10;*** Element info: {Using=link text, value=Logout}" type="org.openqa.selenium.NoSuchElementException">org.openqa.selenium.NoSuchElementException: 
no such element: Unable to locate element: {"method":"link text","selector":"Logout"}
  (Session info: chrome=64.0.3282.167)
  (Driver info: chromedriver=2.33.506120 (e3e53437346286c0bc2d2dc9aa4915ba81d9023f),platform=Windows NT 10.0.14393 x86_64) (WARNING: The server did not provide any stacktrace information)
Command duration or timeout: 30.02 seconds
For documentation on this error, please visit: http://seleniumhq.org/exceptions/no_such_element.html
Build info: version: '3.4.0', revision: 'unknown', time: 'unknown'
System info: host: 'D-184000435', ip: '10.159.34.70', os.name: 'Windows 10', os.arch: 'amd64', os.version: '10.0', java.version: '1.8.0_121'
Driver info: org.openqa.selenium.chrome.ChromeDriver
Capabilities [{applicationCacheEnabled=false, rotatable=false, mobileEmulationEnabled=false, networkConnectionEnabled=false, chrome={chromedriverVersion=2.33.506120 (e3e53437346286c0bc2d2dc9aa4915ba81d9023f), userDataDir=C:\Users\an247684\AppData\Local\Temp\scoped_dir8080_11611}, takesHeapSnapshot=true, pageLoadStrategy=normal, databaseEnabled=false, handlesAlerts=true, hasTouchScreen=false, version=64.0.3282.167, platform=XP, browserConnectionEnabled=false, nativeEvents=true, acceptSslCerts=true, locationContextEnabled=true, webStorageEnabled=true, browserName=chrome, takesScreenshot=true, javascriptEnabled=true, cssSelectorsEnabled=true, setWindowRect=true, unexpectedAlertBehaviour=}]
Session ID: f1fbe04f0c555493b112db29bbc01983
*** Element info: {Using=link text, value=Logout}
	at com.wipro.opencart.TC01Opencart.Logout(TC01Opencart.java:324)
</failure>
  </testcase>
  <testcase name="endReport" classname="com.wipro.opencart.TC01Opencart" time="0">
    <skipped/>
  </testcase>
  <testcase name="startReport" classname="com.wipro.opencart.TC02Opencart" time="0">
    <skipped/>
  </testcase>
  <testcase name="login" classname="com.wipro.opencart.TC02Opencart" time="0">
    <skipped/>
  </testcase>
  <testcase name="Search" classname="com.wipro.opencart.TC02Opencart" time="0">
    <skipped/>
    <system-out><![CDATA[Apple 
]]></system-out>
  </testcase>
  <testcase name="getResult" classname="com.wipro.opencart.TC02Opencart" time="0">
    <skipped/>
  </testcase>
  <testcase name="getResult" classname="com.wipro.opencart.TC02Opencart" time="0">
    <skipped/>
  </testcase>
  <testcase name="ProductComparision" classname="com.wipro.opencart.TC02Opencart" time="0">
    <skipped/>
  </testcase>
  <testcase name="Logout" classname="com.wipro.opencart.TC02Opencart" time="0">
    <skipped/>
  </testcase>
  <testcase name="endReport" classname="com.wipro.opencart.TC02Opencart" time="0">
    <skipped/>
  </testcase>
  <testcase name="startReport" classname="com.wipro.opencart.TC03Opencart" time="0">
    <skipped/>
  </testcase>
  <testcase name="login" classname="com.wipro.opencart.TC03Opencart" time="0">
    <skipped/>
  </testcase>
  <testcase name="AddPhones" classname="com.wipro.opencart.TC03Opencart" time="0">
    <skipped/>
  </testcase>
  <testcase name="getResult" classname="com.wipro.opencart.TC03Opencart" time="0">
    <skipped/>
  </testcase>
  <testcase name="Logout" classname="com.wipro.opencart.TC03Opencart" time="0">
    <skipped/>
  </testcase>
  <testcase name="endReport" classname="com.wipro.opencart.TC03Opencart" time="0">
    <skipped/>
  </testcase>
  <testcase name="startReport" classname="com.wipro.opencart.TC04Opencart" time="0">
    <skipped/>
  </testcase>
  <testcase name="login" classname="com.wipro.opencart.TC04Opencart" time="0">
    <skipped/>
  </testcase>
  <testcase name="Featured" classname="com.wipro.opencart.TC04Opencart" time="0">
    <skipped/>
  </testcase>
  <testcase name="getResult" classname="com.wipro.opencart.TC04Opencart" time="0">
    <skipped/>
  </testcase>
  <testcase name="Logout1" classname="com.wipro.opencart.TC04Opencart" time="0">
    <skipped/>
  </testcase>
  <testcase name="endReport" classname="com.wipro.opencart.TC04Opencart" time="0">
    <skipped/>
  </testcase>
</testsuite>