<?xml version="1.0" encoding="UTF-8"?>
<testng-results skipped="0" failed="0" total="1" passed="1">
  <reporter-output>
    <line>
      <![CDATA[Login successful]]>
    </line>
  </reporter-output>
  <suite name="Default suite" duration-ms="18728" started-at="2018-03-01T07:02:52Z" finished-at="2018-03-01T07:03:11Z">
    <groups>
    </groups>
    <test name="Default test" duration-ms="18728" started-at="2018-03-01T07:02:52Z" finished-at="2018-03-01T07:03:11Z">
      <class name="com.wipro.opencart.TC05Opencart">
        <test-method status="PASS" signature="login()[pri:0, instance:com.wipro.opencart.TC05Opencart@61832929]" name="login" duration-ms="18709" started-at="2018-03-01T12:32:52Z" finished-at="2018-03-01T12:33:11Z">
          <reporter-output>
            <line>
              <![CDATA[Login successful]]>
            </line>
          </reporter-output>
        </test-method> <!-- login -->
      </class> <!-- com.wipro.opencart.TC05Opencart -->
    </test> <!-- Default test -->
  </suite> <!-- Default suite -->
</testng-results>
