<?xml version="1.0" encoding="UTF-8"?>
<testng-results skipped="0" failed="0" total="2" passed="2">
  <reporter-output>
    <line>
      <![CDATA[Login successful]]>
    </line>
  </reporter-output>
  <suite name="Default suite" duration-ms="133453" started-at="2018-02-14T11:14:56Z" finished-at="2018-02-14T11:17:09Z">
    <groups>
    </groups>
    <test name="Default test" duration-ms="133453" started-at="2018-02-14T11:14:56Z" finished-at="2018-02-14T11:17:09Z">
      <class name="com.wipro.opencart.TC02Opencart">
        <test-method status="PASS" signature="startReport()[pri:0, instance:com.wipro.opencart.TC02Opencart@6a41eaa2]" name="startReport" is-config="true" duration-ms="452" started-at="2018-02-14T16:44:56Z" finished-at="2018-02-14T16:44:56Z">
          <reporter-output>
          </reporter-output>
        </test-method> <!-- startReport -->
        <test-method status="PASS" signature="login()[pri:0, instance:com.wipro.opencart.TC02Opencart@6a41eaa2]" name="login" is-config="true" duration-ms="16312" started-at="2018-02-14T16:44:56Z" finished-at="2018-02-14T16:45:12Z">
          <reporter-output>
            <line>
              <![CDATA[Login successful]]>
            </line>
          </reporter-output>
        </test-method> <!-- login -->
        <test-method status="PASS" signature="Search(java.lang.String)[pri:0, instance:com.wipro.opencart.TC02Opencart@6a41eaa2]" name="Search" duration-ms="283" started-at="2018-02-14T16:45:13Z" data-provider="Search" finished-at="2018-02-14T16:45:14Z">
          <params>
            <param index="0">
              <value>
                <![CDATA[Apple]]>
              </value>
            </param>
          </params>
          <reporter-output>
          </reporter-output>
        </test-method> <!-- Search -->
        <test-method status="PASS" signature="getResult(org.testng.ITestResult)[pri:0, instance:com.wipro.opencart.TC02Opencart@6a41eaa2]" name="getResult" is-config="true" duration-ms="3" started-at="2018-02-14T16:45:14Z" finished-at="2018-02-14T16:45:14Z">
          <params>
            <param index="0">
              <value>
                <![CDATA[[TestResult name=Search status=SUCCESS method=TC02Opencart.Search(java.lang.String)[pri:0, instance:com.wipro.opencart.TC02Opencart@6a41eaa2] output={null}]]]>
              </value>
            </param>
          </params>
          <reporter-output>
          </reporter-output>
        </test-method> <!-- getResult -->
        <test-method status="PASS" signature="ProductComparision()[pri:0, instance:com.wipro.opencart.TC02Opencart@6a41eaa2]" name="ProductComparision" duration-ms="114601" started-at="2018-02-14T16:45:14Z" finished-at="2018-02-14T16:47:08Z">
          <reporter-output>
          </reporter-output>
        </test-method> <!-- ProductComparision -->
        <test-method status="PASS" signature="getResult(org.testng.ITestResult)[pri:0, instance:com.wipro.opencart.TC02Opencart@6a41eaa2]" name="getResult" is-config="true" duration-ms="0" started-at="2018-02-14T16:47:08Z" finished-at="2018-02-14T16:47:08Z">
          <params>
            <param index="0">
              <value>
                <![CDATA[[TestResult name=ProductComparision status=SUCCESS method=TC02Opencart.ProductComparision()[pri:0, instance:com.wipro.opencart.TC02Opencart@6a41eaa2] output={null}]]]>
              </value>
            </param>
          </params>
          <reporter-output>
          </reporter-output>
        </test-method> <!-- getResult -->
        <test-method status="PASS" signature="Logout()[pri:0, instance:com.wipro.opencart.TC02Opencart@6a41eaa2]" name="Logout" is-config="true" duration-ms="429" started-at="2018-02-14T16:47:08Z" finished-at="2018-02-14T16:47:09Z">
          <reporter-output>
          </reporter-output>
        </test-method> <!-- Logout -->
        <test-method status="PASS" signature="endReport()[pri:0, instance:com.wipro.opencart.TC02Opencart@6a41eaa2]" name="endReport" is-config="true" duration-ms="464" started-at="2018-02-14T16:47:09Z" finished-at="2018-02-14T16:47:09Z">
          <reporter-output>
          </reporter-output>
        </test-method> <!-- endReport -->
      </class> <!-- com.wipro.opencart.TC02Opencart -->
    </test> <!-- Default test -->
  </suite> <!-- Default suite -->
</testng-results>
